
*** Running vivado
    with args -log system_wrapper.vds -m64 -mode batch -messageDb vivado.pb -source system_wrapper.tcl

INFO: [Common 17-701] A license check has taken more than 10 seconds to complete. This may indicate that there is a performance issue with one or more license servers listed in XILINXD_LICENSE_FILE or LM_LICENSE_FILE, or that the license servers are just not responding at all. Try setting the FLEXLM_DIAGNOSTICS environment variable to 3 and running Vivado again to get more information.

****** Vivado v2014.2 (64-bit)
  **** SW Build 932637 on Wed Jun 11 13:30:22 MDT 2014
  **** IP Build 924643 on Fri May 30 09:20:16 MDT 2014
    ** Copyright 1986-2014 Xilinx, Inc. All Rights Reserved.

source system_wrapper.tcl
# set_param gui.test TreeTableDev
# set_msg_config -id {HDL 9-1061} -limit 100000
# set_msg_config -id {HDL 9-1654} -limit 100000
# create_project -in_memory -part xc7z010clg400-1
# set_property target_language VHDL [current_project]
# set_param project.compositeFile.enableAutoGeneration 0
# set_property default_lib xil_defaultlib [current_project]
# set_property ip_repo_paths D:/led_ip [current_fileset]
# add_files D:/lab4/lab4.srcs/sources_1/bd/system/system.bd
INFO: [IP_Flow 19-234] Refreshing IP repositories
WARNING: [IP_Flow 19-2248] Failed to load user IP repository 'd:/led_ip'; Can't find the specified path.
If this directory should no longer be in your list of user repositories, go to the IP Settings dialog and remove it.
INFO: [IP_Flow 19-2313] Loaded Vivado IP repository 'E:/Vivado/Vivado/2014.2/data/ip'.
WARNING: [BD 41-1303] One or more IPs have been locked in the design 'system.bd'. Please run report_ip_status for more details and recommendations on how to fix this issue.
# set_property used_in_implementation false [get_files -all D:/lab4/lab4.srcs/sources_1/bd/system/system_ooc.xdc]
# set_msg_config -id {IP_Flow 19-2162} -severity warning -new_severity info
# set_property is_locked true [get_files D:/lab4/lab4.srcs/sources_1/bd/system/system.bd]
# read_vhdl -library xil_defaultlib D:/lab4/lab4.srcs/sources_1/bd/system/hdl/system_wrapper.vhd
# read_xdc D:/lab4/lab4.srcs/constrs_1/imports/lab2/lab2.xdc
# set_property used_in_implementation false [get_files D:/lab4/lab4.srcs/constrs_1/imports/lab2/lab2.xdc]
# read_xdc D:/lab4/lab4.srcs/constrs_1/imports/lab3/lab3_system.xdc
# set_property used_in_implementation false [get_files D:/lab4/lab4.srcs/constrs_1/imports/lab3/lab3_system.xdc]
# read_xdc dont_touch.xdc
# set_property used_in_implementation false [get_files dont_touch.xdc]
# set_param synth.vivado.isSynthRun true
# set_property webtalk.parent_dir D:/lab4/lab4.cache/wt [current_project]
# set_property parent.project_dir D:/lab4 [current_project]
# catch { write_hwdef -file system_wrapper.hwdef }
# synth_design -top system_wrapper -part xc7z010clg400-1
Command: synth_design -top system_wrapper -part xc7z010clg400-1

Starting synthesis...

0 Infos, 0 Warnings, 0 Critical Warnings and 1 Errors encountered.
synth_design failed
ERROR: [Common 17-69] Command failed: The 'Synthesis' target of the sub-design 'system' is not generated at all, abort. (File: D:/lab4/lab4.srcs/sources_1/bd/system/system.bd)

    while executing
"synth_design -top system_wrapper -part xc7z010clg400-1"
    (file "system_wrapper.tcl" line 32)
INFO: [Common 17-206] Exiting Vivado at Sun Jun 28 20:04:10 2015...
