#-----------------------------------------------------------
# Vivado v2014.2 (64-bit)
# SW Build 932637 on Wed Jun 11 13:30:22 MDT 2014
# IP Build 924643 on Fri May 30 09:20:16 MDT 2014
# Start of session at: Wed Apr 15 00:25:15 2015
# Process ID: 8164
# Log file: D:/LINUX_TEST/lab2/lab2.sdk/webtalk/vivado.log
# Journal file: D:/LINUX_TEST/lab2/lab2.sdk/webtalk\vivado.jou
#-----------------------------------------------------------
source sdk.tcl
# webtalk_init -webtalk_dir D:\\LINUX_TEST\\lab2\\lab2.sdk\\webtalk
# webtalk_register_client -client project
# webtalk_add_data -client project -key date_generated -value "星期三 四月 15 00:25:07 2015" -context "software_version_and_target_device"
# webtalk_add_data -client project -key product_version -value "SDK v2014.2" -context "software_version_and_target_device"
# webtalk_add_data -client project -key build_version -value "2014.2" -context "software_version_and_target_device"
# webtalk_add_data -client project -key os_platform -value "amd64" -context "software_version_and_target_device"
# webtalk_add_data -client project -key registration_id -value "" -context "software_version_and_target_device"
# webtalk_add_data -client project -key tool_flow -value "SDK" -context "software_version_and_target_device"
# webtalk_add_data -client project -key beta -value "false" -context "software_version_and_target_device"
# webtalk_add_data -client project -key route_design -value "NA" -context "software_version_and_target_device"
# webtalk_add_data -client project -key target_family -value "NA" -context "software_version_and_target_device"
# webtalk_add_data -client project -key target_device -value "NA" -context "software_version_and_target_device"
# webtalk_add_data -client project -key target_package -value "NA" -context "software_version_and_target_device"
# webtalk_add_data -client project -key target_speed -value "NA" -context "software_version_and_target_device"
# webtalk_add_data -client project -key random_id -value "15kussricrrje48mvavabsjmis" -context "software_version_and_target_device"
# webtalk_add_data -client project -key project_id -value "2014.2_12" -context "software_version_and_target_device"
# webtalk_add_data -client project -key project_iteration -value "12" -context "software_version_and_target_device"
# webtalk_add_data -client project -key os_name -value "Microsoft Windows 7 , 64-bit" -context "user_environment"
# webtalk_add_data -client project -key os_release -value "Service Pack 1  (build 7601)" -context "user_environment"
# webtalk_add_data -client project -key cpu_name -value "Intel(R) Core(TM) i5-2450M CPU @ 2.50GHz" -context "user_environment"
# webtalk_add_data -client project -key cpu_speed -value "2494 MHz" -context "user_environment"
# webtalk_add_data -client project -key total_processors -value "1" -context "user_environment"
# webtalk_add_data -client project -key system_ram -value "4.000 GB" -context "user_environment"
# webtalk_register_client -client sdk
# webtalk_add_data -client sdk -key uid -value "1429025389250" -context "sdk\\\\hardware/1429025389250"
# webtalk_add_data -client sdk -key isZynq -value "true" -context "sdk\\\\hardware/1429025389250"
# webtalk_add_data -client sdk -key Processors -value "2" -context "sdk\\\\hardware/1429025389250"
# webtalk_add_data -client sdk -key VivadoVersion -value "2014.2" -context "sdk\\\\hardware/1429025389250"
# webtalk_add_data -client sdk -key Arch -value "zynq" -context "sdk\\\\hardware/1429025389250"
# webtalk_add_data -client sdk -key Device -value "7z010" -context "sdk\\\\hardware/1429025389250"
# webtalk_add_data -client sdk -key IsHandoff -value "true" -context "sdk\\\\hardware/1429025389250"
# webtalk_add_data -client sdk -key uid -value "1429025623752" -context "sdk\\\\bsp/1429025623752"
# webtalk_add_data -client sdk -key hwid -value "1428929946332" -context "sdk\\\\bsp/1429025623752"
# webtalk_add_data -client sdk -key os -value "standalone" -context "sdk\\\\bsp/1429025623752"
# webtalk_add_data -client sdk -key apptemplate -value "null" -context "sdk\\\\bsp/1429025623752"
# webtalk_add_data -client sdk -key uid -value "1429025776801" -context "sdk\\\\application/1429025776801"
# webtalk_add_data -client sdk -key hwid -value "1428929946332" -context "sdk\\\\application/1429025776801"
# webtalk_add_data -client sdk -key bspid -value "1429025623752" -context "sdk\\\\application/1429025776801"
# webtalk_add_data -client sdk -key newbsp -value "false" -context "sdk\\\\application/1429025776801"
# webtalk_add_data -client sdk -key os -value "standalone" -context "sdk\\\\application/1429025776801"
# webtalk_add_data -client sdk -key apptemplate -value "empty_application" -context "sdk\\\\application/1429025776801"
# webtalk_transmit -clientid 1009695824 -regid "" -xml D:\\LINUX_TEST\\lab2\\lab2.sdk\\webtalk\\usage_statistics_ext_sdk.xml -html D:\\LINUX_TEST\\lab2\\lab2.sdk\\webtalk\\usage_statistics_ext_sdk.html -wdm D:\\LINUX_TEST\\lab2\\lab2.sdk\\webtalk\\sdk.wdm -intro "<H3>SDK Usage Report</H3><BR>"

    while executing
"webtalk_transmit -clientid 1009695824 -regid "" -xml D:\\LINUX_TEST\\lab2\\lab2.sdk\\webtalk\\usage_statistics_ext_sdk.xml -html D:\\LINUX_TEST\\lab2\..."
    (file "sdk.tcl" line 42)
INFO: [Common 17-206] Exiting Vivado at Wed Apr 15 00:25:19 2015...
