#-----------------------------------------------------------
# Vivado v2014.2 (64-bit)
# SW Build 932637 on Wed Jun 11 13:30:22 MDT 2014
# IP Build 924643 on Fri May 30 09:20:16 MDT 2014
# Start of session at: Thu Apr 16 18:35:46 2015
# Process ID: 5572
# Log file: D:/LINUX_TEST/lab2/lab2.sdk/webtalk/vivado.log
# Journal file: D:/LINUX_TEST/lab2/lab2.sdk/webtalk\vivado.jou
#-----------------------------------------------------------
source sdk.tcl
# webtalk_init -webtalk_dir D:\\LINUX_TEST\\lab2\\lab2.sdk\\webtalk
# webtalk_register_client -client project
# webtalk_add_data -client project -key date_generated -value "星期四 四月 16 18:35:42 2015" -context "software_version_and_target_device"
# webtalk_add_data -client project -key product_version -value "SDK v2014.2" -context "software_version_and_target_device"
# webtalk_add_data -client project -key build_version -value "2014.2" -context "software_version_and_target_device"
# webtalk_add_data -client project -key os_platform -value "amd64" -context "software_version_and_target_device"
# webtalk_add_data -client project -key registration_id -value "" -context "software_version_and_target_device"
# webtalk_add_data -client project -key tool_flow -value "SDK" -context "software_version_and_target_device"
# webtalk_add_data -client project -key beta -value "false" -context "software_version_and_target_device"
# webtalk_add_data -client project -key route_design -value "NA" -context "software_version_and_target_device"
# webtalk_add_data -client project -key target_family -value "NA" -context "software_version_and_target_device"
# webtalk_add_data -client project -key target_device -value "NA" -context "software_version_and_target_device"
# webtalk_add_data -client project -key target_package -value "NA" -context "software_version_and_target_device"
# webtalk_add_data -client project -key target_speed -value "NA" -context "software_version_and_target_device"
# webtalk_add_data -client project -key random_id -value "qbpvvb1b6p5fd6spt2snbn8tdt" -context "software_version_and_target_device"
# webtalk_add_data -client project -key project_id -value "2014.2_13" -context "software_version_and_target_device"
# webtalk_add_data -client project -key project_iteration -value "13" -context "software_version_and_target_device"
# webtalk_add_data -client project -key os_name -value "Microsoft Windows 7 , 64-bit" -context "user_environment"
# webtalk_add_data -client project -key os_release -value "Service Pack 1  (build 7601)" -context "user_environment"
# webtalk_add_data -client project -key cpu_name -value "Intel(R) Core(TM) i5-2450M CPU @ 2.50GHz" -context "user_environment"
# webtalk_add_data -client project -key cpu_speed -value "2494 MHz" -context "user_environment"
# webtalk_add_data -client project -key total_processors -value "1" -context "user_environment"
# webtalk_add_data -client project -key system_ram -value "4.000 GB" -context "user_environment"
# webtalk_register_client -client sdk
# webtalk_add_data -client sdk -key uid -value "1429178701092" -context "sdk\\\\bsp/1429178701092"
# webtalk_add_data -client sdk -key hwid -value "1429025389250" -context "sdk\\\\bsp/1429178701092"
# webtalk_add_data -client sdk -key os -value "standalone" -context "sdk\\\\bsp/1429178701092"
# webtalk_add_data -client sdk -key apptemplate -value "null" -context "sdk\\\\bsp/1429178701092"
# webtalk_add_data -client sdk -key uid -value "1429178865541" -context "sdk\\\\application/1429178865541"
# webtalk_add_data -client sdk -key hwid -value "1429025389250" -context "sdk\\\\application/1429178865541"
# webtalk_add_data -client sdk -key bspid -value "1429178701092" -context "sdk\\\\application/1429178865541"
# webtalk_add_data -client sdk -key newbsp -value "false" -context "sdk\\\\application/1429178865541"
# webtalk_add_data -client sdk -key os -value "standalone" -context "sdk\\\\application/1429178865541"
# webtalk_add_data -client sdk -key apptemplate -value "empty_application" -context "sdk\\\\application/1429178865541"
# webtalk_transmit -clientid 3863426020 -regid "" -xml D:\\LINUX_TEST\\lab2\\lab2.sdk\\webtalk\\usage_statistics_ext_sdk.xml -html D:\\LINUX_TEST\\lab2\\lab2.sdk\\webtalk\\usage_statistics_ext_sdk.html -wdm D:\\LINUX_TEST\\lab2\\lab2.sdk\\webtalk\\sdk.wdm -intro "<H3>SDK Usage Report</H3><BR>"
INFO: [Common 17-185] WebTalk report has not been sent to Xilinx. Please check your network and proxy settings.
webtalk_transmit: Time (s): cpu = 00:00:00 ; elapsed = 00:00:05 . Memory (MB): peak = 174.660 ; gain = 0.000

    while executing
"webtalk_transmit -clientid 3863426020 -regid "" -xml D:\\LINUX_TEST\\lab2\\lab2.sdk\\webtalk\\usage_statistics_ext_sdk.xml -html D:\\LINUX_TEST\\lab2\..."
    (file "sdk.tcl" line 35)
INFO: [Common 17-206] Exiting Vivado at Thu Apr 16 18:35:55 2015...
