INFO: [Common 17-701] A license check has taken more than 10 seconds to complete. This may indicate that there is a performance issue with one or more license servers listed in XILINXD_LICENSE_FILE or LM_LICENSE_FILE, or that the license servers are just not responding at all. Try setting the FLEXLM_DIAGNOSTICS environment variable to 3 and running Vivado again to get more information.
#-----------------------------------------------------------
# Vivado v2014.2
# SW Build 932637 on Wed Jun 11 13:24:38 MDT 2014
# IP Build 924643 on Fri May 30 09:20:16 MDT 2014
# Start of session at: Mon Apr 13 21:16:54 2015
# Process ID: 6380
# Log file: F:/xup/embedded/lab1/Em_lab1_ZhuJiawen_355/Em_lab1_ZhuJiawen_355.sdk/webtalk/vivado.log
# Journal file: F:/xup/embedded/lab1/Em_lab1_ZhuJiawen_355/Em_lab1_ZhuJiawen_355.sdk/webtalk\vivado.jou
#-----------------------------------------------------------
source sdk.tcl
# webtalk_init -webtalk_dir F:\\xup\\embedded\\lab1\\Em_lab1_ZhuJiawen_355\\Em_lab1_ZhuJiawen_355.sdk\\webtalk
# webtalk_register_client -client project
# webtalk_add_data -client project -key date_generated -value "星期一 四月 13 21:15:49 2015" -context "software_version_and_target_device"
# webtalk_add_data -client project -key product_version -value "SDK v2014.2" -context "software_version_and_target_device"
# webtalk_add_data -client project -key build_version -value "2014.2" -context "software_version_and_target_device"
# webtalk_add_data -client project -key os_platform -value "x86" -context "software_version_and_target_device"
# webtalk_add_data -client project -key registration_id -value "" -context "software_version_and_target_device"
# webtalk_add_data -client project -key tool_flow -value "SDK" -context "software_version_and_target_device"
# webtalk_add_data -client project -key beta -value "false" -context "software_version_and_target_device"
# webtalk_add_data -client project -key route_design -value "NA" -context "software_version_and_target_device"
# webtalk_add_data -client project -key target_family -value "NA" -context "software_version_and_target_device"
# webtalk_add_data -client project -key target_device -value "NA" -context "software_version_and_target_device"
# webtalk_add_data -client project -key target_package -value "NA" -context "software_version_and_target_device"
# webtalk_add_data -client project -key target_speed -value "NA" -context "software_version_and_target_device"
# webtalk_add_data -client project -key random_id -value "kuu6pje9t9j4ucfin1jmmhu6eh" -context "software_version_and_target_device"
# webtalk_add_data -client project -key project_id -value "2014.2_4" -context "software_version_and_target_device"
# webtalk_add_data -client project -key project_iteration -value "4" -context "software_version_and_target_device"
# webtalk_add_data -client project -key os_name -value "Microsoft Windows 7 , 32-bit" -context "user_environment"
# webtalk_add_data -client project -key os_release -value "major release  (build 7600)" -context "user_environment"
# webtalk_add_data -client project -key cpu_name -value "AMD E2-3000M APU with Radeon(tm) HD Graphics" -context "user_environment"
# webtalk_add_data -client project -key cpu_speed -value "1796 MHz" -context "user_environment"
# webtalk_add_data -client project -key total_processors -value "1" -context "user_environment"
# webtalk_add_data -client project -key system_ram -value "2.000 GB" -context "user_environment"
# webtalk_register_client -client sdk
# webtalk_add_data -client sdk -key uid -value "1428929946332" -context "sdk\\\\hardware/1428929946332"
# webtalk_add_data -client sdk -key isZynq -value "true" -context "sdk\\\\hardware/1428929946332"
# webtalk_add_data -client sdk -key Processors -value "2" -context "sdk\\\\hardware/1428929946332"
# webtalk_add_data -client sdk -key VivadoVersion -value "2014.2" -context "sdk\\\\hardware/1428929946332"
# webtalk_add_data -client sdk -key Arch -value "zynq" -context "sdk\\\\hardware/1428929946332"
# webtalk_add_data -client sdk -key Device -value "7z010" -context "sdk\\\\hardware/1428929946332"
# webtalk_add_data -client sdk -key IsHandoff -value "true" -context "sdk\\\\hardware/1428929946332"
# webtalk_add_data -client sdk -key uid -value "1428930023665" -context "sdk\\\\bsp/1428930023665"
# webtalk_add_data -client sdk -key hwid -value "1428929946332" -context "sdk\\\\bsp/1428930023665"
# webtalk_add_data -client sdk -key os -value "standalone" -context "sdk\\\\bsp/1428930023665"
# webtalk_add_data -client sdk -key apptemplate -value "memory_tests" -context "sdk\\\\bsp/1428930023665"
# webtalk_add_data -client sdk -key uid -value "1428930037781" -context "sdk\\\\application/1428930037781"
# webtalk_add_data -client sdk -key hwid -value "1428929946332" -context "sdk\\\\application/1428930037781"
# webtalk_add_data -client sdk -key bspid -value "1428930023665" -context "sdk\\\\application/1428930037781"
# webtalk_add_data -client sdk -key newbsp -value "true" -context "sdk\\\\application/1428930037781"
# webtalk_add_data -client sdk -key os -value "standalone" -context "sdk\\\\application/1428930037781"
# webtalk_add_data -client sdk -key apptemplate -value "memory_tests" -context "sdk\\\\application/1428930037781"
# webtalk_transmit -clientid 2100755953 -regid "" -xml F:\\xup\\embedded\\lab1\\Em_lab1_ZhuJiawen_355\\Em_lab1_ZhuJiawen_355.sdk\\webtalk\\usage_statistics_ext_sdk.xml -html F:\\xup\\embedded\\lab1\\Em_lab1_ZhuJiawen_355\\Em_lab1_ZhuJiawen_355.sdk\\webtalk\\usage_statistics_ext_sdk.html -wdm F:\\xup\\embedded\\lab1\\Em_lab1_ZhuJiawen_355\\Em_lab1_ZhuJiawen_355.sdk\\webtalk\\sdk.wdm -intro "<H3>SDK Usage Report</H3><BR>"
INFO: [Common 17-185] WebTalk report has not been sent to Xilinx. Please check your network and proxy settings.
webtalk_transmit: Time (s): cpu = 00:00:00 ; elapsed = 00:00:09 . Memory (MB): peak = 298.488 ; gain = 0.000

    while executing
"webtalk_transmit -clientid 2100755953 -regid "" -xml F:\\xup\\embedded\\lab1\\Em_lab1_ZhuJiawen_355\\Em_lab1_ZhuJiawen_355.sdk\\webtalk\\usage_statist..."
    (file "sdk.tcl" line 42)
INFO: [Common 17-206] Exiting Vivado at Mon Apr 13 21:17:55 2015...
