#-----------------------------------------------------------
# Vivado v2014.2 (64-bit)
# SW Build 932637 on Wed Jun 11 13:30:22 MDT 2014
# IP Build 924643 on Fri May 30 09:20:16 MDT 2014
# Start of session at: Sun Jun 28 19:58:07 2015
# Process ID: 5428
# Log file: D:/lab4/vivado.log
# Journal file: D:/lab4\vivado.jou
#-----------------------------------------------------------
start_gui
open_project {D:\lab4\lab4.xpr}
WARNING: [filemgmt 56-3] IP Repository Path: Could not find the directory 'D:/led_ip'.
Scanning sources...
Finished scanning sources
INFO: [IP_Flow 19-234] Refreshing IP repositories
WARNING: [IP_Flow 19-2248] Failed to load user IP repository 'd:/led_ip'; Can't find the specified path.
If this directory should no longer be in your list of user repositories, go to the IP Settings dialog and remove it.
INFO: [IP_Flow 19-2313] Loaded Vivado IP repository 'E:/Vivado/Vivado/2014.2/data/ip'.
WARNING: [BD 41-1303] One or more IPs have been locked in the design 'system.bd'. Please run report_ip_status for more details and recommendations on how to fix this issue.
open_project: Time (s): cpu = 00:00:23 ; elapsed = 00:00:31 . Memory (MB): peak = 866.352 ; gain = 62.359
open_bd_design {D:/lab4/lab4.srcs/sources_1/bd/system/system.bd}
Adding component instance block -- xilinx.com:user:led_ip:1.0 - led_ip
Adding component instance block -- xilinx.com:ip:blk_mem_gen:8.2 - axi_bram_ctrl_0_bram
Adding component instance block -- xilinx.com:ip:processing_system7:5.4 - processing_system7_0
Adding component instance block -- xilinx.com:ip:axi_gpio:2.0 - sw_4bit
Adding component instance block -- xilinx.com:ip:proc_sys_reset:5.0 - rst_processing_system7_0_100M
Adding component instance block -- xilinx.com:ip:axi_gpio:2.0 - btns_4bit
Adding component instance block -- xilinx.com:ip:axi_bram_ctrl:4.0 - axi_bram_ctrl_0
Adding component instance block -- xilinx.com:ip:axi_crossbar:2.1 - xbar
Successfully read diagram <system> from BD file <D:/lab4/lab4.srcs/sources_1/bd/system/system.bd>
open_bd_design: Time (s): cpu = 00:00:29 ; elapsed = 00:00:48 . Memory (MB): peak = 1100.234 ; gain = 233.883
reset_run synth_1
launch_runs impl_1 -to_step write_bitstream
CRITICAL WARNING: [BD 41-1336] One or more IPs are locked in this design 'system.bd'. This command cannot be run until these IPs are unlocked. Please run report_ip_status for more details and recommendations on how to fix this issue.
WARNING: [Runs 36-53] Possible issues detected after target generation. Generation state is unexpected for target 'Synthesis'. Expected 'Generated', got 'Reset' for source 'D:/lab4/lab4.srcs/sources_1/bd/system/system.bd'
CRITICAL WARNING: [BD 41-1336] One or more IPs are locked in this design 'system.bd'. This command cannot be run until these IPs are unlocked. Please run report_ip_status for more details and recommendations on how to fix this issue.
WARNING: [Runs 36-53] Possible issues detected after target generation. Generation state is unexpected for target 'Implementation'. Expected 'Generated', got 'Reset' for source 'D:/lab4/lab4.srcs/sources_1/bd/system/system.bd'
INFO: [Memdata 28-152] Did  not create MIG processor data. D:/lab4/lab4.srcs/sources_1/bd/system/ip/system_processing_system7_0_0/system_processing_system7_0_0.xci
INFO: [Memdata 28-152] Did  not create MIG processor data. D:/lab4/lab4.srcs/sources_1/bd/system/ip/system_axi_gpio_0_0/system_axi_gpio_0_0.xci
INFO: [Memdata 28-152] Did  not create MIG processor data. D:/lab4/lab4.srcs/sources_1/bd/system/ip/system_processing_system7_0_axi_periph_0/system_processing_system7_0_axi_periph_0.xci
INFO: [Memdata 28-152] Did  not create MIG processor data. D:/lab4/lab4.srcs/sources_1/bd/system/ip/system_rst_processing_system7_0_100M_0/system_rst_processing_system7_0_100M_0.xci
INFO: [Memdata 28-152] Did  not create MIG processor data. D:/lab4/lab4.srcs/sources_1/bd/system/ip/system_axi_gpio_0_1/system_axi_gpio_0_1.xci
INFO: [Memdata 28-152] Did  not create MIG processor data. D:/lab4/lab4.srcs/sources_1/bd/system/ip/system_led_ip_0_0/system_led_ip_0_0.xci
INFO: [Memdata 28-152] Did  not create MIG processor data. D:/lab4/lab4.srcs/sources_1/bd/system/ip/system_axi_bram_ctrl_0_0/system_axi_bram_ctrl_0_0.xci
INFO: [Memdata 28-152] Did  not create MIG processor data. D:/lab4/lab4.srcs/sources_1/bd/system/ip/system_axi_bram_ctrl_0_bram_0/system_axi_bram_ctrl_0_bram_0.xci
INFO: [Memdata 28-152] Did  not create MIG processor data. D:/lab4/lab4.srcs/sources_1/bd/system/ip/system_xbar_0/system_xbar_0.xci
INFO: [Memdata 28-152] Did  not create MIG processor data. D:/lab4/lab4.srcs/sources_1/bd/system/ip/system_processing_system7_0_0/system_processing_system7_0_0.xci
INFO: [Memdata 28-152] Did  not create MIG processor data. D:/lab4/lab4.srcs/sources_1/bd/system/ip/system_axi_gpio_0_0/system_axi_gpio_0_0.xci
INFO: [Memdata 28-152] Did  not create MIG processor data. D:/lab4/lab4.srcs/sources_1/bd/system/ip/system_processing_system7_0_axi_periph_0/system_processing_system7_0_axi_periph_0.xci
INFO: [Memdata 28-152] Did  not create MIG processor data. D:/lab4/lab4.srcs/sources_1/bd/system/ip/system_rst_processing_system7_0_100M_0/system_rst_processing_system7_0_100M_0.xci
INFO: [Memdata 28-152] Did  not create MIG processor data. D:/lab4/lab4.srcs/sources_1/bd/system/ip/system_axi_gpio_0_1/system_axi_gpio_0_1.xci
INFO: [Memdata 28-152] Did  not create MIG processor data. D:/lab4/lab4.srcs/sources_1/bd/system/ip/system_led_ip_0_0/system_led_ip_0_0.xci
INFO: [Memdata 28-152] Did  not create MIG processor data. D:/lab4/lab4.srcs/sources_1/bd/system/ip/system_axi_bram_ctrl_0_0/system_axi_bram_ctrl_0_0.xci
INFO: [Memdata 28-152] Did  not create MIG processor data. D:/lab4/lab4.srcs/sources_1/bd/system/ip/system_axi_bram_ctrl_0_bram_0/system_axi_bram_ctrl_0_bram_0.xci
INFO: [Memdata 28-152] Did  not create MIG processor data. D:/lab4/lab4.srcs/sources_1/bd/system/ip/system_xbar_0/system_xbar_0.xci
[Sun Jun 28 20:03:01 2015] Launched synth_1...
Run output will be captured here: D:/lab4/lab4.runs/synth_1/runme.log
[Sun Jun 28 20:03:01 2015] Launched impl_1...
Run output will be captured here: D:/lab4/lab4.runs/impl_1/runme.log
launch_runs: Time (s): cpu = 00:00:01 ; elapsed = 00:00:06 . Memory (MB): peak = 1100.234 ; gain = 0.000
report_ip_status -name ip_status 
report_ip_status -name ip_status 
delete_bd_objs [get_bd_intf_nets processing_system7_0_axi_periph_M02_AXI] [get_bd_nets led_ip_LED] [get_bd_cells led_ip]
undo
INFO: [Common 17-17] undo 'delete_bd_objs [get_bd_intf_nets processing_system7_0_axi_periph_M02_AXI] [get_bd_nets led_ip_LED] [get_bd_cells led_ip]'
WARNING: [BD 41-1282] Ignoring parameter NUM_REG
WARNING: [BD 41-1282] Ignoring parameter NUM_REG
save_bd_design
Wrote  : <D:/lab4/lab4.srcs/sources_1/bd/system/system.bd> 
exit
INFO: [Common 17-206] Exiting Vivado at Sun Jun 28 20:07:53 2015...
