#-----------------------------------------------------------
# Vivado v2014.2 (64-bit)
# SW Build 932637 on Wed Jun 11 13:30:22 MDT 2014
# IP Build 924643 on Fri May 30 09:20:16 MDT 2014
# Start of session at: Sun Jun 28 10:38:35 2015
# Process ID: 1824
# Log file: D:/lab4/vivado.log
# Journal file: D:/lab4\vivado.jou
#-----------------------------------------------------------
start_gui
open_project {D:\lab4\lab4.xpr}
WARNING: [filemgmt 56-3] IP Repository Path: Could not find the directory 'D:/led_ip'.
Scanning sources...
Finished scanning sources
INFO: [IP_Flow 19-234] Refreshing IP repositories
WARNING: [IP_Flow 19-2248] Failed to load user IP repository 'd:/led_ip'; Can't find the specified path.
If this directory should no longer be in your list of user repositories, go to the IP Settings dialog and remove it.
INFO: [IP_Flow 19-2313] Loaded Vivado IP repository 'E:/Vivado/Vivado/2014.2/data/ip'.
WARNING: [BD 41-1303] One or more IPs have been locked in the design 'system.bd'. Please run report_ip_status for more details and recommendations on how to fix this issue.
open_project: Time (s): cpu = 00:00:23 ; elapsed = 00:00:12 . Memory (MB): peak = 893.168 ; gain = 74.523
open_bd_design {D:/lab4/lab4.srcs/sources_1/bd/system/system.bd}
Adding component instance block -- xilinx.com:user:led_ip:1.0 - led_ip
Adding component instance block -- xilinx.com:ip:blk_mem_gen:8.2 - axi_bram_ctrl_0_bram
Adding component instance block -- xilinx.com:ip:processing_system7:5.4 - processing_system7_0
Adding component instance block -- xilinx.com:ip:axi_gpio:2.0 - sw_4bit
Adding component instance block -- xilinx.com:ip:proc_sys_reset:5.0 - rst_processing_system7_0_100M
Adding component instance block -- xilinx.com:ip:axi_gpio:2.0 - btns_4bit
Adding component instance block -- xilinx.com:ip:axi_bram_ctrl:4.0 - axi_bram_ctrl_0
Adding component instance block -- xilinx.com:ip:axi_crossbar:2.1 - xbar
Successfully read diagram <system> from BD file <D:/lab4/lab4.srcs/sources_1/bd/system/system.bd>
open_bd_design: Time (s): cpu = 00:00:19 ; elapsed = 00:00:22 . Memory (MB): peak = 1102.105 ; gain = 208.938
exit
INFO: [Common 17-206] Exiting Vivado at Sun Jun 28 12:29:23 2015...
