13:16:37.440 INFO  - Processing command line option -hwspec C:/xup/embedded/labs/lab1/lab1.sdk/SDK/SDK_Export/hw/system.xml. 
13:23:13.086 INFO  - Processor reset is completed for ps7_cortexa9_0 
13:23:13.195 INFO  - PS initialization will be done as it is not done before. 
13:23:13.195 INFO  - Running PS initialization.... 
13:23:13.507 INFO  - ps7_init is completed. 
13:23:13.617 INFO  - PS Initialization is complete. 
13:25:51.725 ERROR - Unexpected error while parsing XMD response ?: com.google.gson.JsonSyntaxException: com.google.gson.stream.MalformedJsonException: invalid number or unquoted string near  
07:35:54.492 INFO  - Processing command line option -hwspec C:/xup/embedded/labs/lab2/lab2.sdk/SDK/SDK_Export/hw/system.xml. 
07:35:54.738 INFO  - The hardware specification for project 'hw_platform_0' is different from C:/xup/embedded/labs/lab2/lab2.sdk/SDK/SDK_Export/hw/system.xml. 
07:35:54.776 INFO  - Copied contents of C:/xup/embedded/labs/lab2/lab2.sdk/SDK/SDK_Export/hw/system.xml into \hw_platform_0\system.xml. 
07:35:54.792 INFO  - Copied contents of C:\xup\embedded\labs\lab2\lab2.sdk\SDK\SDK_Export\hw\system_wrapper.bit into \hw_platform_0\system.bit. 
07:35:54.990 INFO  - Copied contents of C:\xup\embedded\labs\lab2\lab2.sdk\SDK\SDK_Export\hw\ps7_init.c into \hw_platform_0\ps7_init.c. 
07:35:55.004 INFO  - Copied contents of C:\xup\embedded\labs\lab2\lab2.sdk\SDK\SDK_Export\hw\ps7_init.h into \hw_platform_0\ps7_init.h. 
07:35:55.053 INFO  - Copied contents of C:\xup\embedded\labs\lab2\lab2.sdk\SDK\SDK_Export\hw\ps7_init.html into \hw_platform_0\ps7_init.html. 
07:35:55.055 INFO  - Copied contents of C:\xup\embedded\labs\lab2\lab2.sdk\SDK\SDK_Export\hw\ps7_summary.html into \hw_platform_0\ps7_summary.html. 
07:35:55.068 INFO  - Copied contents of C:\xup\embedded\labs\lab2\lab2.sdk\SDK\SDK_Export\hw\ps7_init.tcl into \hw_platform_0\ps7_init.tcl. 
07:35:55.262 INFO  - Synchronizing projects in the workspace with the hardware platform specification changes. 
07:35:56.677 INFO  - Updating MSS for Board Support Package Project: mem_test_bsp.
		 The following new driver assignments were made:
			Peripheral Instance: btns_4bit, driver: gpio_v3_01_a.
			Peripheral Instance: sw_4bit, driver: gpio_v3_01_a.
 
07:36:21.342 INFO  - Updating hardware inferred compiler options for mem_test. 
07:36:21.347 INFO  - Clearing existing target manager status. 
07:36:23.720 INFO  - Closing and re-opening the MSS file of ther project mem_test_bsp 
07:36:25.491 INFO  - Workspace synchronized with the new hardware specification file. Cleaning dependent projects... 
07:54:26.039 INFO  - FPGA configured successfully with bitstream "C:/xup/embedded/labs/lab2/lab2.sdk/SDK/SDK_Export/hw_platform_0/system.bit" 
07:54:55.017 INFO  - Processor reset is completed for ps7_cortexa9_0 
07:54:55.117 INFO  - PS initialization will be done as it is not done before. 
07:54:55.117 INFO  - Running PS initialization.... 
07:54:55.275 INFO  - ps7_init is completed. 
07:54:55.375 INFO  - ps7_post_config is completed. 
07:54:55.475 INFO  - PS Initialization is complete. 
08:04:35.543 ERROR - Unexpected error while parsing XMD response ?: com.google.gson.JsonSyntaxException: com.google.gson.stream.MalformedJsonException: invalid number or unquoted string near  
13:15:34.561 INFO  - Processing command line option -hwspec C:/xup/embedded/labs/lab4/lab4.sdk/SDK/SDK_Export/hw/system.xml. 
13:15:36.043 INFO  - The hardware specification for project 'hw_platform_0' is different from C:/xup/embedded/labs/lab4/lab4.sdk/SDK/SDK_Export/hw/system.xml. 
13:15:36.078 INFO  - Copied contents of C:/xup/embedded/labs/lab4/lab4.sdk/SDK/SDK_Export/hw/system.xml into \hw_platform_0\system.xml. 
13:15:36.094 INFO  - Copied contents of C:\xup\embedded\labs\lab4\lab4.sdk\SDK\SDK_Export\hw\system_wrapper.bit into \hw_platform_0\system_wrapper.bit. 
13:15:36.105 INFO  - Copied contents of C:\xup\embedded\labs\lab4\lab4.sdk\SDK\SDK_Export\hw\system_wrapper_bd.bmm into \hw_platform_0\system_bd.bmm. 
13:15:37.039 INFO  - Copied contents of C:\xup\embedded\labs\lab4\lab4.sdk\SDK\SDK_Export\hw\ps7_init.c into \hw_platform_0\ps7_init.c. 
13:15:37.056 INFO  - Copied contents of C:\xup\embedded\labs\lab4\lab4.sdk\SDK\SDK_Export\hw\ps7_init.h into \hw_platform_0\ps7_init.h. 
13:15:37.104 INFO  - Copied contents of C:\xup\embedded\labs\lab4\lab4.sdk\SDK\SDK_Export\hw\ps7_init.html into \hw_platform_0\ps7_init.html. 
13:15:37.105 INFO  - Copied contents of C:\xup\embedded\labs\lab4\lab4.sdk\SDK\SDK_Export\hw\ps7_summary.html into \hw_platform_0\ps7_summary.html. 
13:15:37.118 INFO  - Copied contents of C:\xup\embedded\labs\lab4\lab4.sdk\SDK\SDK_Export\hw\ps7_init.tcl into \hw_platform_0\ps7_init.tcl. 
13:15:37.341 INFO  - Synchronizing projects in the workspace with the hardware platform specification changes. 
13:15:39.621 ERROR - Exception while attemping to 'diff' files C:\xup\embedded\labs\lab4\lab4.sdk\SDK\SDK_Export\hw_platform_0\system_wrapper_bd.bmm and C:\xup\embedded\labs\lab4\lab4.sdk\SDK\SDK_Export\hw\system_wrapper_bd.bmm. 
13:15:39.621 INFO  - Updating .bit and .bmm files from XPS's export folder. 
13:15:39.844 INFO  - Updating MSS for Board Support Package Project: standalone_bsp_0.
		 The following new driver assignments were made:
			Peripheral Instance: axi_bram_ctrl_0, driver: bram_v3_03_a.
			Peripheral Instance: led_ip, driver: generic_v1_00_a.
 
13:55:27.333 INFO  - Copied contents of C:\xup\embedded\labs\lab4\lab4.sdk\SDK\SDK_Export\hw\system_wrapper.bit into \hw_platform_0\system_wrapper.bit. 
13:55:27.347 INFO  - Copied contents of C:\xup\embedded\labs\lab4\lab4.sdk\SDK\SDK_Export\hw\system_wrapper_bd.bmm into \hw_platform_0\system_wrapper_bd.bmm. 
13:55:28.145 INFO  - Updating hardware inferred compiler options for TestApp. 
13:55:28.153 INFO  - Clearing existing target manager status. 
13:55:30.804 ERROR - Unexpected error while obtaining referenced S/W project {} org.eclipse.core.internal.resources.ResourceException: Resource '/mem_test' is not open.
	at org.eclipse.core.internal.resources.Project.checkAccessible(Project.java:150)
	at org.eclipse.core.internal.resources.Project.getReferencedProjects(Project.java:521)

13:55:30.804 ERROR - Unexpected error while obtaining referenced S/W project {} org.eclipse.core.internal.resources.ResourceException: Resource '/mem_test_bsp' is not open.
	at org.eclipse.core.internal.resources.Project.checkAccessible(Project.java:150)
	at org.eclipse.core.internal.resources.Project.getReferencedProjects(Project.java:521)

14:14:59.410 INFO  - Saving repository preferences. 
14:14:59.426 INFO  - Reading in cores from local repositories: 
		 C:\xup\embedded\labs\led_ip\led_ip_1.0 
14:14:59.449 INFO  - Updating libgen.options on all BSP projects. 
14:14:59.474 INFO  - Cleaning BSP projects in the workspace. 
14:18:45.945 INFO  - Settings changed on project standalone_bsp_0. Triggering a rebuild... 
14:18:46.483 INFO  - Refreshed build settings on project lab4 
14:28:31.336 INFO  - FPGA configured successfully with bitstream "C:/xup/embedded/labs/lab4/lab4.sdk/SDK/SDK_Export/hw_platform_0/system.bit" 
14:29:08.254 INFO  - Processor reset is completed for ps7_cortexa9_0 
14:29:08.354 INFO  - PS initialization will be done as it is not done before. 
14:29:08.354 INFO  - Running PS initialization.... 
14:29:08.511 INFO  - ps7_init is completed. 
14:29:08.611 INFO  - ps7_post_config is completed. 
14:29:08.804 INFO  - PS Initialization is complete. 
14:30:31.957 INFO  - Processor reset is completed for ps7_cortexa9_0 
14:36:51.774 INFO  - FPGA configured successfully with bitstream "C:/xup/embedded/labs/lab4/lab4.sdk/SDK/SDK_Export/hw_platform_0/system_wrapper.bit" 
14:37:15.729 INFO  - Processor reset is completed for ps7_cortexa9_0 
14:42:59.706 INFO  - Successfully generated C:\xup\embedded\labs\lab4\lab4.sdk\SDK\SDK_Export\lab4\src\lscript.ld. 
14:42:59.707 INFO  - Applying linker script to all configurations of project lab4. 
14:42:59.708 INFO  - Setting rebuild state to true for all configurations of project lab4. 
15:16:36.915 INFO  - Processor reset is completed for ps7_cortexa9_0 
15:16:37.115 ERROR - Unexpected error while launching program. java.lang.RuntimeException: Failed to download ELF file

I-Side Memory Access Check Failed
    Section, 0x40000000-0x40001b5f Not Accessible from Processor I-Side Interface

	at com.xilinx.sdk.targetmanager.internal.TM.downloadELF(Unknown Source)
	at com.xilinx.sdk.debug.core.internal.AppRunner.run(Unknown Source)

15:17:23.909 ERROR - Unexpected error while parsing XMD response ?: com.google.gson.JsonSyntaxException: com.google.gson.stream.MalformedJsonException: invalid number or unquoted string near  
15:18:28.294 INFO  - Processing command line option -hwspec C:/xup/embedded/labs/lab4/lab4.sdk/SDK/SDK_Export/hw/system.xml. 
15:18:29.673 INFO  - The hardware specification for project 'hw_platform_0' is different from C:/xup/embedded/labs/lab4/lab4.sdk/SDK/SDK_Export/hw/system.xml. 
15:18:29.708 INFO  - Copied contents of C:/xup/embedded/labs/lab4/lab4.sdk/SDK/SDK_Export/hw/system.xml into \hw_platform_0\system.xml. 
15:18:29.721 INFO  - Copied contents of C:\xup\embedded\labs\lab4\lab4.sdk\SDK\SDK_Export\hw\system_wrapper.bit into \hw_platform_0\system_wrapper.bit. 
15:18:29.732 INFO  - Copied contents of C:\xup\embedded\labs\lab4\lab4.sdk\SDK\SDK_Export\hw\system_wrapper_bd.bmm into \hw_platform_0\system_wrapper_bd.bmm. 
15:18:29.874 INFO  - Copied contents of C:\xup\embedded\labs\lab4\lab4.sdk\SDK\SDK_Export\hw\ps7_init.c into \hw_platform_0\ps7_init.c. 
15:18:29.889 INFO  - Copied contents of C:\xup\embedded\labs\lab4\lab4.sdk\SDK\SDK_Export\hw\ps7_init.h into \hw_platform_0\ps7_init.h. 
15:18:29.937 INFO  - Copied contents of C:\xup\embedded\labs\lab4\lab4.sdk\SDK\SDK_Export\hw\ps7_init.html into \hw_platform_0\ps7_init.html. 
15:18:29.938 INFO  - Copied contents of C:\xup\embedded\labs\lab4\lab4.sdk\SDK\SDK_Export\hw\ps7_summary.html into \hw_platform_0\ps7_summary.html. 
15:18:29.951 INFO  - Copied contents of C:\xup\embedded\labs\lab4\lab4.sdk\SDK\SDK_Export\hw\ps7_init.tcl into \hw_platform_0\ps7_init.tcl. 
15:18:30.367 INFO  - Synchronizing projects in the workspace with the hardware platform specification changes. 
15:18:31.623 INFO  - Restoring local repository preferences: 
		 C:\xup\embedded\labs\led_ip\led_ip_1.0 
15:18:32.510 INFO  - Updating hardware inferred compiler options for lab4. 
15:18:32.518 INFO  - Clearing existing target manager status. 
15:18:35.007 ERROR - Unexpected error while obtaining referenced S/W project {} org.eclipse.core.internal.resources.ResourceException: Resource '/TestApp' is not open.
	at org.eclipse.core.internal.resources.Project.checkAccessible(Project.java:150)
	at org.eclipse.core.internal.resources.Project.getReferencedProjects(Project.java:521)

15:18:35.008 ERROR - Unexpected error while obtaining referenced S/W project {} org.eclipse.core.internal.resources.ResourceException: Resource '/mem_test' is not open.
	at org.eclipse.core.internal.resources.Project.checkAccessible(Project.java:150)
	at org.eclipse.core.internal.resources.Project.getReferencedProjects(Project.java:521)

15:18:35.009 ERROR - Unexpected error while obtaining referenced S/W project {} org.eclipse.core.internal.resources.ResourceException: Resource '/mem_test_bsp' is not open.
	at org.eclipse.core.internal.resources.Project.checkAccessible(Project.java:150)
	at org.eclipse.core.internal.resources.Project.getReferencedProjects(Project.java:521)

15:18:56.369 INFO  - FPGA configured successfully with bitstream "C:/xup/embedded/labs/lab4/lab4.sdk/SDK/SDK_Export/hw_platform_0/system_wrapper.bit" 
15:19:11.324 INFO  - Processor reset is completed for ps7_cortexa9_0 
15:19:11.424 INFO  - PS initialization will be done as it is not done before. 
15:19:11.424 INFO  - Running PS initialization.... 
15:19:11.581 INFO  - ps7_init is completed. 
15:19:11.681 INFO  - ps7_post_config is completed. 
15:19:11.860 INFO  - PS Initialization is complete. 
15:19:12.361 ERROR - Unexpected error while launching program. java.lang.RuntimeException: Failed to download ELF file

I-Side Memory Access Check Failed
    Section, 0x40000000-0x40001b5f Not Accessible from Processor I-Side Interface

	at com.xilinx.sdk.targetmanager.internal.TM.downloadELF(Unknown Source)
	at com.xilinx.sdk.debug.core.internal.AppRunner.run(Unknown Source)

15:19:26.706 ERROR - Unexpected error while parsing XMD response ?: com.google.gson.JsonSyntaxException: com.google.gson.stream.MalformedJsonException: invalid number or unquoted string near  
15:20:09.923 INFO  - Processing command line option -hwspec C:/xup/embedded/labs/lab4/lab4.sdk/SDK/SDK_Export/hw/system.xml. 
15:20:11.143 INFO  - The hardware specification for project 'hw_platform_0' is different from C:/xup/embedded/labs/lab4/lab4.sdk/SDK/SDK_Export/hw/system.xml. 
15:20:11.176 INFO  - Copied contents of C:/xup/embedded/labs/lab4/lab4.sdk/SDK/SDK_Export/hw/system.xml into \hw_platform_0\system.xml. 
15:20:11.190 INFO  - Copied contents of C:\xup\embedded\labs\lab4\lab4.sdk\SDK\SDK_Export\hw\system_wrapper.bit into \hw_platform_0\system_wrapper.bit. 
15:20:11.201 INFO  - Copied contents of C:\xup\embedded\labs\lab4\lab4.sdk\SDK\SDK_Export\hw\system_wrapper_bd.bmm into \hw_platform_0\system_wrapper_bd.bmm. 
15:20:36.435 INFO  - Copied contents of C:\xup\embedded\labs\lab4\lab4.sdk\SDK\SDK_Export\hw\ps7_init.c into \hw_platform_0\ps7_init.c. 
15:20:36.450 INFO  - Copied contents of C:\xup\embedded\labs\lab4\lab4.sdk\SDK\SDK_Export\hw\ps7_init.h into \hw_platform_0\ps7_init.h. 
15:20:36.500 INFO  - Copied contents of C:\xup\embedded\labs\lab4\lab4.sdk\SDK\SDK_Export\hw\ps7_init.html into \hw_platform_0\ps7_init.html. 
15:20:36.502 INFO  - Copied contents of C:\xup\embedded\labs\lab4\lab4.sdk\SDK\SDK_Export\hw\ps7_summary.html into \hw_platform_0\ps7_summary.html. 
15:20:36.515 INFO  - Copied contents of C:\xup\embedded\labs\lab4\lab4.sdk\SDK\SDK_Export\hw\ps7_init.tcl into \hw_platform_0\ps7_init.tcl. 
15:20:36.779 INFO  - Synchronizing projects in the workspace with the hardware platform specification changes. 
15:20:37.823 INFO  - Restoring local repository preferences: 
		 C:\xup\embedded\labs\led_ip\led_ip_1.0 
15:20:38.968 INFO  - Updating hardware inferred compiler options for lab4. 
15:20:39.035 INFO  - Clearing existing target manager status. 
15:20:40.251 ERROR - Unexpected error while obtaining referenced S/W project {} org.eclipse.core.internal.resources.ResourceException: Resource '/TestApp' is not open.
	at org.eclipse.core.internal.resources.Project.checkAccessible(Project.java:150)
	at org.eclipse.core.internal.resources.Project.getReferencedProjects(Project.java:521)

15:20:40.252 ERROR - Unexpected error while obtaining referenced S/W project {} org.eclipse.core.internal.resources.ResourceException: Resource '/mem_test' is not open.
	at org.eclipse.core.internal.resources.Project.checkAccessible(Project.java:150)
	at org.eclipse.core.internal.resources.Project.getReferencedProjects(Project.java:521)

15:20:40.253 ERROR - Unexpected error while obtaining referenced S/W project {} org.eclipse.core.internal.resources.ResourceException: Resource '/mem_test_bsp' is not open.
	at org.eclipse.core.internal.resources.Project.checkAccessible(Project.java:150)
	at org.eclipse.core.internal.resources.Project.getReferencedProjects(Project.java:521)

15:28:37.414 INFO  - Successfully generated C:\xup\embedded\labs\lab4\lab4.sdk\SDK\SDK_Export\lab4\src\lscript.ld. 
15:28:37.414 INFO  - Applying linker script to all configurations of project lab4. 
15:28:37.415 INFO  - Setting rebuild state to true for all configurations of project lab4. 
15:28:49.557 INFO  - FPGA configured successfully with bitstream "C:/xup/embedded/labs/lab4/lab4.sdk/SDK/SDK_Export/hw_platform_0/system_wrapper.bit" 
15:29:03.547 INFO  - Processor reset is completed for ps7_cortexa9_0 
15:29:03.647 INFO  - PS initialization will be done as it is not done before. 
15:29:03.647 INFO  - Running PS initialization.... 
15:29:03.806 INFO  - ps7_init is completed. 
15:29:03.906 INFO  - ps7_post_config is completed. 
15:29:04.006 INFO  - PS Initialization is complete. 
15:31:08.570 ERROR - Unexpected error while parsing XMD response ?: com.google.gson.JsonSyntaxException: com.google.gson.stream.MalformedJsonException: invalid number or unquoted string near  
