20:58:31 INFO  : Processing command line option -hwspec F:/xup/embedded/lab1/Em_lab1_ZhuJiawen_355/Em_lab1_ZhuJiawen_355.sdk/system_wrapper.hdf.
21:11:52 INFO  : ps7_init is completed.
21:11:52 INFO  : Processor reset is completed for ps7_cortexa9_0
21:15:57 ERROR : Unexpected error while parsing XMD response ?: com.google.gson.JsonSyntaxException: com.google.gson.stream.MalformedJsonException: invalid number or unquoted string near 
23:29:21 INFO  : Processing command line option -hwspec D:/LINUX_TEST/lab2/lab2.sdk/system_wrapper.hdf.
23:32:57 WARN  :  [Hsm 55-1559] Software Design already exists with Name F:\xup\embedded\lab1\Em_lab1_ZhuJiawen_355\Em_lab1_ZhuJiawen_355.sdk\mem_test_bsp\system.mss
23:32:57 WARN  :  [Hsm 55-1559] Software Design already exists with Name F:\xup\embedded\lab1\Em_lab1_ZhuJiawen_355\Em_lab1_ZhuJiawen_355.sdk\mem_test_bsp\system.mss
23:50:23 INFO  : FPGA configured successfully with bitstream "D:/LINUX_TEST/lab2/lab2.sdk/system_wrapper_hw_platform_1/system_wrapper.bit"
00:15:56 ERROR : Unexpected error while obtaining referenced S/W project {}
org.eclipse.core.internal.resources.ResourceException: Resource '/mem_test_bsp' is not open.
	at org.eclipse.core.internal.resources.Project.checkAccessible(Project.java:150)
	at org.eclipse.core.internal.resources.Project.hasNature(Project.java:584)
	at com.xilinx.sdk.sw.SwProjectUtils.getReferencedSwProject(SwProjectUtils.java:244)
	at com.xilinx.sdk.tools.internal.CProjectPropertyTester.test(CProjectPropertyTester.java:31)
	at org.eclipse.core.internal.expressions.Property.test(Property.java:58)
	at org.eclipse.core.internal.expressions.TestExpression.evaluate(TestExpression.java:99)
	at org.eclipse.core.internal.expressions.CompositeExpression.evaluateAnd(CompositeExpression.java:53)
	at org.eclipse.core.internal.expressions.IterateExpression.evaluate(IterateExpression.java:189)
	at org.eclipse.core.internal.expressions.CompositeExpression.evaluateAnd(CompositeExpression.java:53)
	at org.eclipse.core.internal.expressions.WithExpression.evaluate(WithExpression.java:72)
	at org.eclipse.ui.internal.services.EvaluationResultCache.evaluate(EvaluationResultCache.java:74)
	at org.eclipse.ui.internal.WorkbenchWindow.liftRestrictions(WorkbenchWindow.java:3100)
	at org.eclipse.ui.internal.WorkbenchWindow$29.shellActivated(WorkbenchWindow.java:3150)
	at org.eclipse.swt.widgets.TypedListener.handleEvent(TypedListener.java:88)
	at org.eclipse.swt.widgets.EventTable.sendEvent(EventTable.java:84)
	at org.eclipse.swt.widgets.Widget.sendEvent(Widget.java:1053)
	at org.eclipse.swt.widgets.Widget.sendEvent(Widget.java:1077)
	at org.eclipse.swt.widgets.Widget.sendEvent(Widget.java:1058)
	at org.eclipse.swt.widgets.Decorations.WM_ACTIVATE(Decorations.java:1664)
	at org.eclipse.swt.widgets.Shell.WM_ACTIVATE(Shell.java:2145)
	at org.eclipse.swt.widgets.Control.windowProc(Control.java:4525)
	at org.eclipse.swt.widgets.Canvas.windowProc(Canvas.java:341)
	at org.eclipse.swt.widgets.Decorations.windowProc(Decorations.java:1627)
	at org.eclipse.swt.widgets.Shell.windowProc(Shell.java:2069)
	at org.eclipse.swt.widgets.Display.windowProc(Display.java:4976)
	at org.eclipse.swt.internal.win32.OS.DestroyWindow(Native Method)
	at org.eclipse.swt.widgets.Control.destroyWidget(Control.java:780)
	at org.eclipse.swt.widgets.Shell.destroyWidget(Shell.java:698)
	at org.eclipse.swt.widgets.Widget.release(Widget.java:818)
	at org.eclipse.swt.widgets.Widget.dispose(Widget.java:446)
	at org.eclipse.swt.widgets.Decorations.dispose(Decorations.java:448)
	at org.eclipse.swt.widgets.Shell.dispose(Shell.java:715)
	at org.eclipse.jface.window.Window.close(Window.java:335)
	at org.eclipse.jface.dialogs.Dialog.close(Dialog.java:979)
	at org.eclipse.jface.dialogs.MessageDialog.buttonPressed(MessageDialog.java:207)
	at org.eclipse.jface.dialogs.MessageDialogWithToggle.buttonPressed(MessageDialogWithToggle.java:394)
	at org.eclipse.jface.dialogs.Dialog$2.widgetSelected(Dialog.java:624)
	at org.eclipse.swt.widgets.TypedListener.handleEvent(TypedListener.java:248)
	at org.eclipse.swt.widgets.EventTable.sendEvent(EventTable.java:84)
	at org.eclipse.swt.widgets.Widget.sendEvent(Widget.java:1053)
	at org.eclipse.swt.widgets.Display.runDeferredEvents(Display.java:4169)
	at org.eclipse.swt.widgets.Display.readAndDispatch(Display.java:3758)
	at org.eclipse.jface.window.Window.runEventLoop(Window.java:825)
	at org.eclipse.jface.window.Window.open(Window.java:801)
	at org.eclipse.jface.dialogs.MessageDialog.open(MessageDialog.java:334)
	at org.eclipse.jface.dialogs.MessageDialogWithToggle.open(MessageDialogWithToggle.java:114)
	at org.eclipse.jface.dialogs.MessageDialogWithToggle.openYesNoQuestion(MessageDialogWithToggle.java:303)
	at org.eclipse.ui.actions.OpenResourceAction.promptToOpenWithReferences(OpenResourceAction.java:174)
	at org.eclipse.ui.actions.OpenResourceAction.access$1(OpenResourceAction.java:163)
	at org.eclipse.ui.actions.OpenResourceAction$2.run(OpenResourceAction.java:250)
	at org.eclipse.ui.internal.UILockListener.doPendingWork(UILockListener.java:164)
	at org.eclipse.ui.internal.UISynchronizer$3.run(UISynchronizer.java:158)
	at org.eclipse.swt.widgets.RunnableLock.run(RunnableLock.java:35)
	at org.eclipse.swt.widgets.Synchronizer.runAsyncMessages(Synchronizer.java:135)
	at org.eclipse.swt.widgets.Display.runAsyncMessages(Display.java:4144)
	at org.eclipse.swt.widgets.Display.readAndDispatch(Display.java:3761)
	at org.eclipse.ui.internal.Workbench.runEventLoop(Workbench.java:2701)
	at org.eclipse.ui.internal.Workbench.runUI(Workbench.java:2665)
	at org.eclipse.ui.internal.Workbench.access$4(Workbench.java:2499)
	at org.eclipse.ui.internal.Workbench$7.run(Workbench.java:679)
	at org.eclipse.core.databinding.observable.Realm.runWithDefault(Realm.java:332)
	at org.eclipse.ui.internal.Workbench.createAndRunWorkbench(Workbench.java:668)
	at org.eclipse.ui.PlatformUI.createAndRunWorkbench(PlatformUI.java:149)
	at org.eclipse.ui.internal.ide.application.IDEApplication.start(IDEApplication.java:124)
	at org.eclipse.equinox.internal.app.EclipseAppHandle.run(EclipseAppHandle.java:196)
	at org.eclipse.core.runtime.internal.adaptor.EclipseAppLauncher.runApplication(EclipseAppLauncher.java:110)
	at org.eclipse.core.runtime.internal.adaptor.EclipseAppLauncher.start(EclipseAppLauncher.java:79)
	at org.eclipse.core.runtime.adaptor.EclipseStarter.run(EclipseStarter.java:353)
	at org.eclipse.core.runtime.adaptor.EclipseStarter.run(EclipseStarter.java:180)
	at sun.reflect.NativeMethodAccessorImpl.invoke0(Native Method)
	at sun.reflect.NativeMethodAccessorImpl.invoke(NativeMethodAccessorImpl.java:57)
	at sun.reflect.DelegatingMethodAccessorImpl.invoke(DelegatingMethodAccessorImpl.java:43)
	at java.lang.reflect.Method.invoke(Method.java:606)
	at org.eclipse.equinox.launcher.Main.invokeFramework(Main.java:629)
	at org.eclipse.equinox.launcher.Main.basicRun(Main.java:584)
	at org.eclipse.equinox.launcher.Main.run(Main.java:1438)
00:15:56 ERROR : Unexpected error while obtaining referenced S/W project {}
org.eclipse.core.internal.resources.ResourceException: Resource '/mem_test_bsp' is not open.
	at org.eclipse.core.internal.resources.Project.checkAccessible(Project.java:150)
	at org.eclipse.core.internal.resources.Project.hasNature(Project.java:584)
	at com.xilinx.sdk.sw.SwProjectUtils.getReferencedSwProject(SwProjectUtils.java:244)
	at com.xilinx.sdk.tools.internal.CProjectPropertyTester.test(CProjectPropertyTester.java:31)
	at org.eclipse.core.internal.expressions.Property.test(Property.java:58)
	at org.eclipse.core.internal.expressions.TestExpression.evaluate(TestExpression.java:99)
	at org.eclipse.core.internal.expressions.CompositeExpression.evaluateAnd(CompositeExpression.java:53)
	at org.eclipse.core.internal.expressions.IterateExpression.evaluate(IterateExpression.java:189)
	at org.eclipse.core.internal.expressions.CompositeExpression.evaluateAnd(CompositeExpression.java:53)
	at org.eclipse.core.internal.expressions.WithExpression.evaluate(WithExpression.java:72)
	at org.eclipse.ui.internal.services.EvaluationResultCache.evaluate(EvaluationResultCache.java:74)
	at org.eclipse.ui.internal.WorkbenchWindow.liftRestrictions(WorkbenchWindow.java:3100)
	at org.eclipse.ui.internal.WorkbenchWindow$29.shellActivated(WorkbenchWindow.java:3150)
	at org.eclipse.swt.widgets.TypedListener.handleEvent(TypedListener.java:88)
	at org.eclipse.swt.widgets.EventTable.sendEvent(EventTable.java:84)
	at org.eclipse.swt.widgets.Widget.sendEvent(Widget.java:1053)
	at org.eclipse.swt.widgets.Widget.sendEvent(Widget.java:1077)
	at org.eclipse.swt.widgets.Widget.sendEvent(Widget.java:1058)
	at org.eclipse.swt.widgets.Decorations.WM_ACTIVATE(Decorations.java:1664)
	at org.eclipse.swt.widgets.Shell.WM_ACTIVATE(Shell.java:2145)
	at org.eclipse.swt.widgets.Control.windowProc(Control.java:4525)
	at org.eclipse.swt.widgets.Canvas.windowProc(Canvas.java:341)
	at org.eclipse.swt.widgets.Decorations.windowProc(Decorations.java:1627)
	at org.eclipse.swt.widgets.Shell.windowProc(Shell.java:2069)
	at org.eclipse.swt.widgets.Display.windowProc(Display.java:4976)
	at org.eclipse.swt.internal.win32.OS.DestroyWindow(Native Method)
	at org.eclipse.swt.widgets.Control.destroyWidget(Control.java:780)
	at org.eclipse.swt.widgets.Shell.destroyWidget(Shell.java:698)
	at org.eclipse.swt.widgets.Widget.release(Widget.java:818)
	at org.eclipse.swt.widgets.Widget.dispose(Widget.java:446)
	at org.eclipse.swt.widgets.Decorations.dispose(Decorations.java:448)
	at org.eclipse.swt.widgets.Shell.dispose(Shell.java:715)
	at org.eclipse.jface.window.Window.close(Window.java:335)
	at org.eclipse.jface.dialogs.Dialog.close(Dialog.java:979)
	at org.eclipse.jface.dialogs.MessageDialog.buttonPressed(MessageDialog.java:207)
	at org.eclipse.jface.dialogs.MessageDialogWithToggle.buttonPressed(MessageDialogWithToggle.java:394)
	at org.eclipse.jface.dialogs.Dialog$2.widgetSelected(Dialog.java:624)
	at org.eclipse.swt.widgets.TypedListener.handleEvent(TypedListener.java:248)
	at org.eclipse.swt.widgets.EventTable.sendEvent(EventTable.java:84)
	at org.eclipse.swt.widgets.Widget.sendEvent(Widget.java:1053)
	at org.eclipse.swt.widgets.Display.runDeferredEvents(Display.java:4169)
	at org.eclipse.swt.widgets.Display.readAndDispatch(Display.java:3758)
	at org.eclipse.jface.window.Window.runEventLoop(Window.java:825)
	at org.eclipse.jface.window.Window.open(Window.java:801)
	at org.eclipse.jface.dialogs.MessageDialog.open(MessageDialog.java:334)
	at org.eclipse.jface.dialogs.MessageDialogWithToggle.open(MessageDialogWithToggle.java:114)
	at org.eclipse.jface.dialogs.MessageDialogWithToggle.openYesNoQuestion(MessageDialogWithToggle.java:303)
	at org.eclipse.ui.actions.OpenResourceAction.promptToOpenWithReferences(OpenResourceAction.java:174)
	at org.eclipse.ui.actions.OpenResourceAction.access$1(OpenResourceAction.java:163)
	at org.eclipse.ui.actions.OpenResourceAction$2.run(OpenResourceAction.java:250)
	at org.eclipse.ui.internal.UILockListener.doPendingWork(UILockListener.java:164)
	at org.eclipse.ui.internal.UISynchronizer$3.run(UISynchronizer.java:158)
	at org.eclipse.swt.widgets.RunnableLock.run(RunnableLock.java:35)
	at org.eclipse.swt.widgets.Synchronizer.runAsyncMessages(Synchronizer.java:135)
	at org.eclipse.swt.widgets.Display.runAsyncMessages(Display.java:4144)
	at org.eclipse.swt.widgets.Display.readAndDispatch(Display.java:3761)
	at org.eclipse.ui.internal.Workbench.runEventLoop(Workbench.java:2701)
	at org.eclipse.ui.internal.Workbench.runUI(Workbench.java:2665)
	at org.eclipse.ui.internal.Workbench.access$4(Workbench.java:2499)
	at org.eclipse.ui.internal.Workbench$7.run(Workbench.java:679)
	at org.eclipse.core.databinding.observable.Realm.runWithDefault(Realm.java:332)
	at org.eclipse.ui.internal.Workbench.createAndRunWorkbench(Workbench.java:668)
	at org.eclipse.ui.PlatformUI.createAndRunWorkbench(PlatformUI.java:149)
	at org.eclipse.ui.internal.ide.application.IDEApplication.start(IDEApplication.java:124)
	at org.eclipse.equinox.internal.app.EclipseAppHandle.run(EclipseAppHandle.java:196)
	at org.eclipse.core.runtime.internal.adaptor.EclipseAppLauncher.runApplication(EclipseAppLauncher.java:110)
	at org.eclipse.core.runtime.internal.adaptor.EclipseAppLauncher.start(EclipseAppLauncher.java:79)
	at org.eclipse.core.runtime.adaptor.EclipseStarter.run(EclipseStarter.java:353)
	at org.eclipse.core.runtime.adaptor.EclipseStarter.run(EclipseStarter.java:180)
	at sun.reflect.NativeMethodAccessorImpl.invoke0(Native Method)
	at sun.reflect.NativeMethodAccessorImpl.invoke(NativeMethodAccessorImpl.java:57)
	at sun.reflect.DelegatingMethodAccessorImpl.invoke(DelegatingMethodAccessorImpl.java:43)
	at java.lang.reflect.Method.invoke(Method.java:606)
	at org.eclipse.equinox.launcher.Main.invokeFramework(Main.java:629)
	at org.eclipse.equinox.launcher.Main.basicRun(Main.java:584)
	at org.eclipse.equinox.launcher.Main.run(Main.java:1438)
00:15:57 WARN  :  [Hsm 55-1559] Software Design already exists with Name F:\xup\embedded\lab1\Em_lab1_ZhuJiawen_355\Em_lab1_ZhuJiawen_355.sdk\mem_test_bsp\system.mss
00:15:57 WARN  :  [Hsm 55-1559] Software Design already exists with Name F:\xup\embedded\lab1\Em_lab1_ZhuJiawen_355\Em_lab1_ZhuJiawen_355.sdk\mem_test_bsp\system.mss
00:15:57 WARN  :  [Hsm 55-1559] Software Design already exists with Name F:\xup\embedded\lab1\Em_lab1_ZhuJiawen_355\Em_lab1_ZhuJiawen_355.sdk\mem_test_bsp\system.mss
00:18:17 WARN  :  [Hsm 55-1559] Software Design already exists with Name F:\xup\embedded\lab1\Em_lab1_ZhuJiawen_355\Em_lab1_ZhuJiawen_355.sdk\mem_test_bsp\system.mss
00:18:17 WARN  :  [Hsm 55-1559] Software Design already exists with Name F:\xup\embedded\lab1\Em_lab1_ZhuJiawen_355\Em_lab1_ZhuJiawen_355.sdk\mem_test_bsp\system.mss
00:18:17 WARN  :  [Hsm 55-1559] Software Design already exists with Name F:\xup\embedded\lab1\Em_lab1_ZhuJiawen_355\Em_lab1_ZhuJiawen_355.sdk\mem_test_bsp\system.mss
00:18:17 WARN  :  [Hsm 55-1559] Software Design already exists with Name F:\xup\embedded\lab1\Em_lab1_ZhuJiawen_355\Em_lab1_ZhuJiawen_355.sdk\mem_test_bsp\system.mss
00:18:17 WARN  :  [Hsm 55-1559] Software Design already exists with Name F:\xup\embedded\lab1\Em_lab1_ZhuJiawen_355\Em_lab1_ZhuJiawen_355.sdk\mem_test_bsp\system.mss
00:18:17 WARN  :  [Hsm 55-1559] Software Design already exists with Name F:\xup\embedded\lab1\Em_lab1_ZhuJiawen_355\Em_lab1_ZhuJiawen_355.sdk\mem_test_bsp\system.mss
00:18:40 WARN  :  [Hsm 55-1559] Software Design already exists with Name F:\xup\embedded\lab1\Em_lab1_ZhuJiawen_355\Em_lab1_ZhuJiawen_355.sdk\mem_test_bsp\system.mss
00:18:40 WARN  :  [Hsm 55-1559] Software Design already exists with Name F:\xup\embedded\lab1\Em_lab1_ZhuJiawen_355\Em_lab1_ZhuJiawen_355.sdk\mem_test_bsp\system.mss
00:18:40 WARN  :  [Hsm 55-1559] Software Design already exists with Name F:\xup\embedded\lab1\Em_lab1_ZhuJiawen_355\Em_lab1_ZhuJiawen_355.sdk\mem_test_bsp\system.mss
00:18:40 WARN  :  [Hsm 55-1559] Software Design already exists with Name F:\xup\embedded\lab1\Em_lab1_ZhuJiawen_355\Em_lab1_ZhuJiawen_355.sdk\mem_test_bsp\system.mss
00:18:40 WARN  :  [Hsm 55-1559] Software Design already exists with Name F:\xup\embedded\lab1\Em_lab1_ZhuJiawen_355\Em_lab1_ZhuJiawen_355.sdk\mem_test_bsp\system.mss
00:18:40 WARN  :  [Hsm 55-1559] Software Design already exists with Name F:\xup\embedded\lab1\Em_lab1_ZhuJiawen_355\Em_lab1_ZhuJiawen_355.sdk\mem_test_bsp\system.mss
00:18:55 WARN  :  [Hsm 55-1559] Software Design already exists with Name F:\xup\embedded\lab1\Em_lab1_ZhuJiawen_355\Em_lab1_ZhuJiawen_355.sdk\mem_test_bsp\system.mss
00:18:55 WARN  :  [Hsm 55-1559] Software Design already exists with Name F:\xup\embedded\lab1\Em_lab1_ZhuJiawen_355\Em_lab1_ZhuJiawen_355.sdk\mem_test_bsp\system.mss
00:18:55 WARN  :  [Hsm 55-1559] Software Design already exists with Name F:\xup\embedded\lab1\Em_lab1_ZhuJiawen_355\Em_lab1_ZhuJiawen_355.sdk\mem_test_bsp\system.mss
00:18:55 WARN  :  [Hsm 55-1559] Software Design already exists with Name F:\xup\embedded\lab1\Em_lab1_ZhuJiawen_355\Em_lab1_ZhuJiawen_355.sdk\mem_test_bsp\system.mss
00:18:55 WARN  :  [Hsm 55-1559] Software Design already exists with Name F:\xup\embedded\lab1\Em_lab1_ZhuJiawen_355\Em_lab1_ZhuJiawen_355.sdk\mem_test_bsp\system.mss
00:18:55 WARN  :  [Hsm 55-1559] Software Design already exists with Name F:\xup\embedded\lab1\Em_lab1_ZhuJiawen_355\Em_lab1_ZhuJiawen_355.sdk\mem_test_bsp\system.mss
00:18:55 WARN  :  [Hsm 55-1559] Software Design already exists with Name F:\xup\embedded\lab1\Em_lab1_ZhuJiawen_355\Em_lab1_ZhuJiawen_355.sdk\mem_test_bsp\system.mss
00:18:55 WARN  :  [Hsm 55-1559] Software Design already exists with Name F:\xup\embedded\lab1\Em_lab1_ZhuJiawen_355\Em_lab1_ZhuJiawen_355.sdk\mem_test_bsp\system.mss
00:18:55 WARN  :  [Hsm 55-1559] Software Design already exists with Name F:\xup\embedded\lab1\Em_lab1_ZhuJiawen_355\Em_lab1_ZhuJiawen_355.sdk\mem_test_bsp\system.mss
00:25:08 ERROR : Unexpected error while parsing XMD response ?: com.google.gson.JsonSyntaxException: com.google.gson.stream.MalformedJsonException: invalid number or unquoted string near 
17:47:27 INFO  : Processing command line option -hwspec D:/LINUX_TEST/lab2/lab2.sdk/system_wrapper.hdf.
17:47:30 INFO  : Checking for hwspec changes in the project system_wrapper_hw_platform_1.
17:53:52 ERROR : Checking FPGA configuration failed..Connection to Board Failed


    Unknown Error Occured
    Cable is not connected to the host

17:53:52 ERROR : Unexpected error while launching program.
com.xilinx.sdk.targetmanager.TMException: Connection to Board Failed


    Unknown Error Occured
    Cable is not connected to the host

	at com.xilinx.sdk.targetmanager.internal.TM.isFPGAConfigured(TM.java:386)
	at com.xilinx.sdk.debug.core.XilinxAppLaunchConfigurationDelegate.isFpgaConfigured(XilinxAppLaunchConfigurationDelegate.java:297)
	at com.xilinx.sdk.debug.core.XilinxAppLaunchConfigurationDelegate.launch(XilinxAppLaunchConfigurationDelegate.java:245)
	at com.xilinx.sdk.debug.ui.XilinxAppLaunchDelegateWrapper.launch(XilinxAppLaunchDelegateWrapper.java:31)
	at org.eclipse.debug.internal.core.LaunchConfiguration.launch(LaunchConfiguration.java:855)
	at org.eclipse.debug.internal.core.LaunchConfiguration.launch(LaunchConfiguration.java:704)
	at org.eclipse.debug.internal.ui.DebugUIPlugin.buildAndLaunch(DebugUIPlugin.java:1047)
	at org.eclipse.debug.internal.ui.DebugUIPlugin$8.run(DebugUIPlugin.java:1251)
	at org.eclipse.core.internal.jobs.Worker.run(Worker.java:54)
17:54:08 WARN  :  [Hsm 55-1559] Software Design already exists with Name F:\xup\embedded\lab1\Em_lab1_ZhuJiawen_355\Em_lab1_ZhuJiawen_355.sdk\mem_test_bsp\system.mss
17:54:08 WARN  :  [Hsm 55-1559] Software Design already exists with Name F:\xup\embedded\lab1\Em_lab1_ZhuJiawen_355\Em_lab1_ZhuJiawen_355.sdk\mem_test_bsp\system.mss
17:54:08 WARN  :  [Hsm 55-1559] Software Design already exists with Name F:\xup\embedded\lab1\Em_lab1_ZhuJiawen_355\Em_lab1_ZhuJiawen_355.sdk\mem_test_bsp\system.mss
17:54:08 WARN  :  [Hsm 55-1559] Software Design already exists with Name F:\xup\embedded\lab1\Em_lab1_ZhuJiawen_355\Em_lab1_ZhuJiawen_355.sdk\mem_test_bsp\system.mss
17:54:08 WARN  :  [Hsm 55-1559] Software Design already exists with Name F:\xup\embedded\lab1\Em_lab1_ZhuJiawen_355\Em_lab1_ZhuJiawen_355.sdk\mem_test_bsp\system.mss
17:54:11 WARN  :  [Hsm 55-1559] Software Design already exists with Name F:\xup\embedded\lab1\Em_lab1_ZhuJiawen_355\Em_lab1_ZhuJiawen_355.sdk\mem_test_bsp\system.mss
17:54:11 WARN  :  [Hsm 55-1559] Software Design already exists with Name F:\xup\embedded\lab1\Em_lab1_ZhuJiawen_355\Em_lab1_ZhuJiawen_355.sdk\mem_test_bsp\system.mss
17:54:11 WARN  :  [Hsm 55-1559] Software Design already exists with Name F:\xup\embedded\lab1\Em_lab1_ZhuJiawen_355\Em_lab1_ZhuJiawen_355.sdk\mem_test_bsp\system.mss
18:11:38 INFO  : FPGA configured successfully with bitstream "D:/LINUX_TEST/lab2/lab2.sdk/system_wrapper_hw_platform_1/system_wrapper.bit"
18:13:19 INFO  : FPGA configured successfully with bitstream "D:/LINUX_TEST/lab2/lab2.sdk/system_wrapper_hw_platform_1/system_wrapper.bit"
18:13:48 INFO  : ps7_init is completed.
18:13:48 INFO  : ps7_post_config is completed.
18:13:48 INFO  : Processor reset is completed for ps7_cortexa9_0
18:16:43 INFO  : FPGA configured successfully with bitstream "D:/LINUX_TEST/lab2/lab2.sdk/system_wrapper_hw_platform_1/system_wrapper.bit"
18:19:13 INFO  : ps7_init is completed.
18:19:13 INFO  : ps7_post_config is completed.
18:19:13 INFO  : Processor reset is completed for ps7_cortexa9_0
18:21:21 INFO  : FPGA configured successfully with bitstream "D:/LINUX_TEST/lab2/lab2.sdk/system_wrapper_hw_platform_1/system_wrapper.bit"
18:21:36 INFO  : ps7_init is completed.
18:21:36 INFO  : ps7_post_config is completed.
18:21:36 INFO  : Processor reset is completed for ps7_cortexa9_0
18:23:19 INFO  : FPGA configured successfully with bitstream "D:/LINUX_TEST/lab2/lab2.sdk/system_wrapper_hw_platform_1/system_wrapper.bit"
18:23:42 INFO  : ps7_init is completed.
18:23:42 INFO  : ps7_post_config is completed.
18:23:42 INFO  : Processor reset is completed for ps7_cortexa9_0
18:26:59 INFO  : ps7_cortexa9_0 Processor is in use. Please stop existing Run or Debug sessions before launching.
18:27:01 INFO  : Processor reset is completed for ps7_cortexa9_0
18:27:25 INFO  : ps7_cortexa9_0 Processor is in use. Please stop existing Run or Debug sessions before launching.
18:27:26 INFO  : Processor reset is completed for ps7_cortexa9_0
18:28:31 INFO  : ps7_cortexa9_0 Processor is in use. Please stop existing Run or Debug sessions before launching.
18:28:33 INFO  : Processor reset is completed for ps7_cortexa9_0
18:29:27 INFO  : Processor reset is completed for ps7_cortexa9_0
18:30:26 INFO  : ps7_cortexa9_0 Processor is in use. Please stop existing Run or Debug sessions before launching.
18:30:28 INFO  : System reset is completed.
18:30:30 INFO  : FPGA configured successfully with bitstream "D:/LINUX_TEST/lab2/lab2.sdk/system_wrapper_hw_platform_1/system_wrapper.bit"
18:30:31 INFO  : ps7_init is completed.
18:30:31 INFO  : ps7_post_config is completed.
18:31:28 INFO  : FPGA configured successfully with bitstream "D:/LINUX_TEST/lab2/lab2.sdk/system_wrapper_hw_platform_1/system_wrapper.bit"
18:31:37 INFO  : System reset is completed.
18:31:39 INFO  : FPGA configured successfully with bitstream "D:/LINUX_TEST/lab2/lab2.sdk/system_wrapper_hw_platform_1/system_wrapper.bit"
18:31:40 INFO  : ps7_init is completed.
18:31:40 INFO  : ps7_post_config is completed.
18:31:58 INFO  : ps7_cortexa9_0 Processor is in use. Please stop existing Run or Debug sessions before launching.
18:32:32 INFO  : FPGA Cable Disconnected. All active launches will be terminated.
18:32:32 WARN  : Terminating existing sessions on processor ps7_cortexa9_0
18:33:26 INFO  : FPGA configured successfully with bitstream "D:/LINUX_TEST/lab2/lab2.sdk/system_wrapper_hw_platform_1/system_wrapper.bit"
18:33:37 INFO  : ps7_init is completed.
18:33:37 INFO  : ps7_post_config is completed.
18:34:12 INFO  : ps7_cortexa9_0 Processor is in use. Please stop existing Run or Debug sessions before launching.
18:34:30 INFO  : ps7_cortexa9_0 Processor is in use. Please stop existing Run or Debug sessions before launching.
18:34:55 INFO  : ps7_cortexa9_0 Processor is in use. Please stop existing Run or Debug sessions before launching.
18:35:44 ERROR : Unable to disconnect from existing targets
java.lang.NullPointerException
18:35:44 ERROR : Unexpected error while parsing XMD response ?: com.google.gson.JsonSyntaxException: com.google.gson.stream.MalformedJsonException: invalid number or unquoted string near 
10:46:43 INFO  : Processing command line option -hwspec D:/LINUX_TEST/lab2/lab2.sdk/system_wrapper.hdf.
10:46:48 INFO  : Checking for hwspec changes in the project system_wrapper_hw_platform_1.
10:51:33 INFO  : FPGA configured successfully with bitstream "D:/LINUX_TEST/lab2/lab2.sdk/system_wrapper_hw_platform_1/system_wrapper.bit"
10:52:07 INFO  : ps7_init is completed.
10:52:07 INFO  : ps7_post_config is completed.
10:53:26 INFO  : ps7_cortexa9_0 Processor is in use. Please stop existing Run or Debug sessions before launching.
11:21:35 ERROR : Unable to disconnect from existing targets
java.lang.NullPointerException
	at com.xilinx.sdk.targetmanager.internal.json.XMDJSONProcess.issueCommand(XMDJSONProcess.java:144)
	at com.xilinx.sdk.targetmanager.internal.TM.disconnectTarget(TM.java:338)
	at com.xilinx.sdk.targetmanager.internal.TM.disconnectExistingTargets(TM.java:320)
	at com.xilinx.sdk.targetmanager.internal.TM.terminate(TM.java:210)
	at com.xilinx.sdk.targetmanager.TMPlugin.stop(TMPlugin.java:57)
	at org.eclipse.osgi.framework.internal.core.BundleContextImpl$2.run(BundleContextImpl.java:771)
	at java.security.AccessController.doPrivileged(Native Method)
	at org.eclipse.osgi.framework.internal.core.BundleContextImpl.stop(BundleContextImpl.java:764)
	at org.eclipse.osgi.framework.internal.core.BundleHost.stopWorker(BundleHost.java:510)
	at org.eclipse.osgi.framework.internal.core.AbstractBundle.suspend(AbstractBundle.java:566)
	at org.eclipse.osgi.framework.internal.core.Framework.suspendBundle(Framework.java:1206)
	at org.eclipse.osgi.framework.internal.core.StartLevelManager.decFWSL(StartLevelManager.java:592)
	at org.eclipse.osgi.framework.internal.core.StartLevelManager.doSetStartLevel(StartLevelManager.java:257)
	at org.eclipse.osgi.framework.internal.core.StartLevelManager.shutdown(StartLevelManager.java:215)
	at org.eclipse.osgi.framework.internal.core.InternalSystemBundle.suspend(InternalSystemBundle.java:284)
	at org.eclipse.osgi.framework.internal.core.Framework.shutdown(Framework.java:692)
	at org.eclipse.osgi.framework.internal.core.Framework.close(Framework.java:600)
	at org.eclipse.core.runtime.adaptor.EclipseStarter.shutdown(EclipseStarter.java:399)
	at org.eclipse.core.runtime.adaptor.EclipseStarter.run(EclipseStarter.java:199)
	at sun.reflect.NativeMethodAccessorImpl.invoke0(Native Method)
	at sun.reflect.NativeMethodAccessorImpl.invoke(NativeMethodAccessorImpl.java:57)
	at sun.reflect.DelegatingMethodAccessorImpl.invoke(DelegatingMethodAccessorImpl.java:43)
	at java.lang.reflect.Method.invoke(Method.java:606)
	at org.eclipse.equinox.launcher.Main.invokeFramework(Main.java:629)
	at org.eclipse.equinox.launcher.Main.basicRun(Main.java:584)
	at org.eclipse.equinox.launcher.Main.run(Main.java:1438)
11:21:36 ERROR : Unexpected error while parsing XMD response ?: com.google.gson.JsonSyntaxException: com.google.gson.stream.MalformedJsonException: invalid number or unquoted string near 
